build_backup/mobile_scanner/intermediates/manifest_merge_blame_file/debug/processDebugManifest/manifest-merger-blame-debug-report.txt
1<?xml version="1.0" encoding="utf-8"?>
2<manifest xmlns:android="http://schemas.android.com/apk/res/android"
3    package="dev.steenbakker.mobile_scanner" >
4
5    <uses-sdk android:minSdkVersion="21" />
6
7    <uses-permission android:name="android.permission.CAMERA" />
7-->src\main\AndroidManifest.xml:4:5-65
7-->src\main\AndroidManifest.xml:4:22-62
8
9    <uses-feature
9-->src\main\AndroidManifest.xml:5:5-85
10        android:name="android.hardware.camera"
10-->src\main\AndroidManifest.xml:5:19-57
11        android:required="false" />
11-->src\main\AndroidManifest.xml:5:58-82
12
13</manifest>